10-Dec-2025 11:25:08.582 INFOS [main] org.apache.catalina.startup.VersionLoggerListener.log Nom version serveur :              Apache Tomcat/11.0.1
10-Dec-2025 11:25:08.587 INFOS [main] org.apache.catalina.startup.VersionLoggerListener.log Serveur compilé :                  Nov 6 2024 19:08:24 UTC
10-Dec-2025 11:25:08.590 INFOS [main] org.apache.catalina.startup.VersionLoggerListener.log Version du serveur :               11.0.1.0
10-Dec-2025 11:25:08.591 INFOS [main] org.apache.catalina.startup.VersionLoggerListener.log Nom de l'OS :                      Linux
10-Dec-2025 11:25:08.591 INFOS [main] org.apache.catalina.startup.VersionLoggerListener.log Version OS :                       6.14.0-36-generic
10-Dec-2025 11:25:08.592 INFOS [main] org.apache.catalina.startup.VersionLoggerListener.log Architecture :                     amd64
10-Dec-2025 11:25:08.592 INFOS [main] org.apache.catalina.startup.VersionLoggerListener.log Java Home :                        /usr/lib/jvm/java-17-openjdk-amd64
10-Dec-2025 11:25:08.592 INFOS [main] org.apache.catalina.startup.VersionLoggerListener.log Version JVM :                      17.0.17+10-Ubuntu-124.04
10-Dec-2025 11:25:08.592 INFOS [main] org.apache.catalina.startup.VersionLoggerListener.log Fournisseur de la JVM :            Ubuntu
10-Dec-2025 11:25:08.593 INFOS [main] org.apache.catalina.startup.VersionLoggerListener.log CATALINA_BASE :                    /home/akl8051/Bureau/Annee_2/Intergiciel/ws-subject/apache-tomcat-11.0.1
10-Dec-2025 11:25:08.596 INFOS [main] org.apache.catalina.startup.VersionLoggerListener.log CATALINA_HOME :                    /home/akl8051/Bureau/Annee_2/Intergiciel/ws-subject/apache-tomcat-11.0.1
10-Dec-2025 11:25:08.604 INFOS [main] org.apache.catalina.startup.VersionLoggerListener.log Argument de la ligne de commande : -Djava.util.logging.config.file=/home/akl8051/Bureau/Annee_2/Intergiciel/ws-subject/apache-tomcat-11.0.1/conf/logging.properties
10-Dec-2025 11:25:08.604 INFOS [main] org.apache.catalina.startup.VersionLoggerListener.log Argument de la ligne de commande : -Djava.util.logging.manager=org.apache.juli.ClassLoaderLogManager
10-Dec-2025 11:25:08.607 INFOS [main] org.apache.catalina.startup.VersionLoggerListener.log Argument de la ligne de commande : -Djdk.tls.ephemeralDHKeySize=2048
10-Dec-2025 11:25:08.607 INFOS [main] org.apache.catalina.startup.VersionLoggerListener.log Argument de la ligne de commande : -Dorg.apache.catalina.security.SecurityListener.UMASK=0027
10-Dec-2025 11:25:08.607 INFOS [main] org.apache.catalina.startup.VersionLoggerListener.log Argument de la ligne de commande : --add-opens=java.base/java.lang=ALL-UNNAMED
10-Dec-2025 11:25:08.607 INFOS [main] org.apache.catalina.startup.VersionLoggerListener.log Argument de la ligne de commande : --add-opens=java.base/java.io=ALL-UNNAMED
10-Dec-2025 11:25:08.607 INFOS [main] org.apache.catalina.startup.VersionLoggerListener.log Argument de la ligne de commande : --add-opens=java.base/java.util=ALL-UNNAMED
10-Dec-2025 11:25:08.608 INFOS [main] org.apache.catalina.startup.VersionLoggerListener.log Argument de la ligne de commande : --add-opens=java.base/java.util.concurrent=ALL-UNNAMED
10-Dec-2025 11:25:08.608 INFOS [main] org.apache.catalina.startup.VersionLoggerListener.log Argument de la ligne de commande : --add-opens=java.rmi/sun.rmi.transport=ALL-UNNAMED
10-Dec-2025 11:25:08.608 INFOS [main] org.apache.catalina.startup.VersionLoggerListener.log Argument de la ligne de commande : --enable-native-access=ALL-UNNAMED
10-Dec-2025 11:25:08.608 INFOS [main] org.apache.catalina.startup.VersionLoggerListener.log Argument de la ligne de commande : -Dcatalina.base=/home/akl8051/Bureau/Annee_2/Intergiciel/ws-subject/apache-tomcat-11.0.1
10-Dec-2025 11:25:08.608 INFOS [main] org.apache.catalina.startup.VersionLoggerListener.log Argument de la ligne de commande : -Dcatalina.home=/home/akl8051/Bureau/Annee_2/Intergiciel/ws-subject/apache-tomcat-11.0.1
10-Dec-2025 11:25:08.608 INFOS [main] org.apache.catalina.startup.VersionLoggerListener.log Argument de la ligne de commande : -Djava.io.tmpdir=/home/akl8051/Bureau/Annee_2/Intergiciel/ws-subject/apache-tomcat-11.0.1/temp
10-Dec-2025 11:25:08.616 INFOS [main] org.apache.catalina.core.AprLifecycleListener.lifecycleEvent La librairie Apache Tomcat Native basée sur APR qui permet des performances optimales dans les environnements de production n'a pas été trouvée sur le java.library.path : [/usr/java/packages/lib:/usr/lib/x86_64-linux-gnu/jni:/lib/x86_64-linux-gnu:/usr/lib/x86_64-linux-gnu:/usr/lib/jni:/lib:/usr/lib]
10-Dec-2025 11:25:08.752 INFOS [main] org.apache.coyote.AbstractProtocol.init Initialisation du gestionnaire de protocole ["http-nio-8080"]
10-Dec-2025 11:25:08.767 INFOS [main] org.apache.catalina.startup.Catalina.load L'initialisation du serveur a pris [449] millisecondes
10-Dec-2025 11:25:08.795 INFOS [main] org.apache.catalina.core.StandardService.startInternal Démarrage du service [Catalina]
10-Dec-2025 11:25:08.795 INFOS [main] org.apache.catalina.core.StandardEngine.startInternal Démarrage du moteur de Servlets : [Apache Tomcat/11.0.1]
10-Dec-2025 11:25:08.824 INFOS [main] org.apache.catalina.startup.HostConfig.deployDirectory Déploiement du répertoire d'application web [/home/akl8051/Bureau/Annee_2/Intergiciel/ws-subject/apache-tomcat-11.0.1/webapps/ROOT]
10-Dec-2025 11:25:09.172 INFOS [main] org.apache.catalina.startup.HostConfig.deployDirectory Le déploiement du répertoire [/home/akl8051/Bureau/Annee_2/Intergiciel/ws-subject/apache-tomcat-11.0.1/webapps/ROOT] de l'application web s'est terminé en [346] ms
10-Dec-2025 11:25:09.173 INFOS [main] org.apache.catalina.startup.HostConfig.deployDirectory Déploiement du répertoire d'application web [/home/akl8051/Bureau/Annee_2/Intergiciel/ws-subject/apache-tomcat-11.0.1/webapps/manager]
10-Dec-2025 11:25:09.247 INFOS [main] org.apache.catalina.startup.HostConfig.deployDirectory Le déploiement du répertoire [/home/akl8051/Bureau/Annee_2/Intergiciel/ws-subject/apache-tomcat-11.0.1/webapps/manager] de l'application web s'est terminé en [74] ms
10-Dec-2025 11:25:09.249 INFOS [main] org.apache.catalina.startup.HostConfig.deployDirectory Déploiement du répertoire d'application web [/home/akl8051/Bureau/Annee_2/Intergiciel/ws-subject/apache-tomcat-11.0.1/webapps/examples]
10-Dec-2025 11:25:10.408 INFOS [main] org.apache.catalina.startup.HostConfig.deployDirectory Le déploiement du répertoire [/home/akl8051/Bureau/Annee_2/Intergiciel/ws-subject/apache-tomcat-11.0.1/webapps/examples] de l'application web s'est terminé en [1 159] ms
10-Dec-2025 11:25:10.410 INFOS [main] org.apache.catalina.startup.HostConfig.deployDirectory Déploiement du répertoire d'application web [/home/akl8051/Bureau/Annee_2/Intergiciel/ws-subject/apache-tomcat-11.0.1/webapps/docs]
10-Dec-2025 11:25:10.461 INFOS [main] org.apache.catalina.startup.HostConfig.deployDirectory Le déploiement du répertoire [/home/akl8051/Bureau/Annee_2/Intergiciel/ws-subject/apache-tomcat-11.0.1/webapps/docs] de l'application web s'est terminé en [50] ms
10-Dec-2025 11:25:10.462 INFOS [main] org.apache.catalina.startup.HostConfig.deployDirectory Déploiement du répertoire d'application web [/home/akl8051/Bureau/Annee_2/Intergiciel/ws-subject/apache-tomcat-11.0.1/webapps/host-manager]
10-Dec-2025 11:25:10.517 INFOS [main] org.apache.catalina.startup.HostConfig.deployDirectory Le déploiement du répertoire [/home/akl8051/Bureau/Annee_2/Intergiciel/ws-subject/apache-tomcat-11.0.1/webapps/host-manager] de l'application web s'est terminé en [55] ms
10-Dec-2025 11:25:10.519 INFOS [main] org.apache.coyote.AbstractProtocol.start Démarrage du gestionnaire de protocole ["http-nio-8080"]
10-Dec-2025 11:25:10.528 INFOS [main] org.apache.catalina.startup.Catalina.start Le démarrage du serveur a pris [1760] millisecondes
10-Dec-2025 11:25:58.834 INFOS [main] org.apache.catalina.core.StandardServer.await Une commande d'arrêt valide a été reçue sur le port d'arrêt, arrêt de l'instance du serveur
10-Dec-2025 11:25:58.836 INFOS [main] org.apache.coyote.AbstractProtocol.pause Le gestionnaire de protocole ["http-nio-8080"] est mis en pause
10-Dec-2025 11:25:58.837 INFOS [main] org.apache.catalina.core.StandardService.stopInternal Arrêt du service [Catalina]
10-Dec-2025 11:25:58.850 INFOS [main] org.apache.coyote.AbstractProtocol.stop Arrêt du gestionnaire de protocole ["http-nio-8080"]
10-Dec-2025 11:25:58.860 INFOS [main] org.apache.coyote.AbstractProtocol.destroy Destruction du gestionnaire de protocole ["http-nio-8080"]
10-Dec-2025 11:39:10.673 INFOS [main] org.apache.catalina.startup.VersionLoggerListener.log Nom version serveur :              Apache Tomcat/11.0.1
10-Dec-2025 11:39:10.675 INFOS [main] org.apache.catalina.startup.VersionLoggerListener.log Serveur compilé :                  Nov 6 2024 19:08:24 UTC
10-Dec-2025 11:39:10.678 INFOS [main] org.apache.catalina.startup.VersionLoggerListener.log Version du serveur :               11.0.1.0
10-Dec-2025 11:39:10.681 INFOS [main] org.apache.catalina.startup.VersionLoggerListener.log Nom de l'OS :                      Linux
10-Dec-2025 11:39:10.684 INFOS [main] org.apache.catalina.startup.VersionLoggerListener.log Version OS :                       6.14.0-36-generic
10-Dec-2025 11:39:10.684 INFOS [main] org.apache.catalina.startup.VersionLoggerListener.log Architecture :                     amd64
10-Dec-2025 11:39:10.685 INFOS [main] org.apache.catalina.startup.VersionLoggerListener.log Java Home :                        /usr/lib/jvm/java-17-openjdk-amd64
10-Dec-2025 11:39:10.685 INFOS [main] org.apache.catalina.startup.VersionLoggerListener.log Version JVM :                      17.0.17+10-Ubuntu-124.04
10-Dec-2025 11:39:10.685 INFOS [main] org.apache.catalina.startup.VersionLoggerListener.log Fournisseur de la JVM :            Ubuntu
10-Dec-2025 11:39:10.685 INFOS [main] org.apache.catalina.startup.VersionLoggerListener.log CATALINA_BASE :                    /home/akl8051/Bureau/Annee_2/Intergiciel/ws-subject/apache-tomcat-11.0.1
10-Dec-2025 11:39:10.685 INFOS [main] org.apache.catalina.startup.VersionLoggerListener.log CATALINA_HOME :                    /home/akl8051/Bureau/Annee_2/Intergiciel/ws-subject/apache-tomcat-11.0.1
10-Dec-2025 11:39:10.685 INFOS [main] org.apache.catalina.startup.VersionLoggerListener.log Argument de la ligne de commande : -Djava.util.logging.config.file=/home/akl8051/Bureau/Annee_2/Intergiciel/ws-subject/apache-tomcat-11.0.1/conf/logging.properties
10-Dec-2025 11:39:10.685 INFOS [main] org.apache.catalina.startup.VersionLoggerListener.log Argument de la ligne de commande : -Djava.util.logging.manager=org.apache.juli.ClassLoaderLogManager
10-Dec-2025 11:39:10.685 INFOS [main] org.apache.catalina.startup.VersionLoggerListener.log Argument de la ligne de commande : -Djdk.tls.ephemeralDHKeySize=2048
10-Dec-2025 11:39:10.685 INFOS [main] org.apache.catalina.startup.VersionLoggerListener.log Argument de la ligne de commande : -Dorg.apache.catalina.security.SecurityListener.UMASK=0027
10-Dec-2025 11:39:10.686 INFOS [main] org.apache.catalina.startup.VersionLoggerListener.log Argument de la ligne de commande : --add-opens=java.base/java.lang=ALL-UNNAMED
10-Dec-2025 11:39:10.686 INFOS [main] org.apache.catalina.startup.VersionLoggerListener.log Argument de la ligne de commande : --add-opens=java.base/java.io=ALL-UNNAMED
10-Dec-2025 11:39:10.686 INFOS [main] org.apache.catalina.startup.VersionLoggerListener.log Argument de la ligne de commande : --add-opens=java.base/java.util=ALL-UNNAMED
10-Dec-2025 11:39:10.686 INFOS [main] org.apache.catalina.startup.VersionLoggerListener.log Argument de la ligne de commande : --add-opens=java.base/java.util.concurrent=ALL-UNNAMED
10-Dec-2025 11:39:10.686 INFOS [main] org.apache.catalina.startup.VersionLoggerListener.log Argument de la ligne de commande : --add-opens=java.rmi/sun.rmi.transport=ALL-UNNAMED
10-Dec-2025 11:39:10.686 INFOS [main] org.apache.catalina.startup.VersionLoggerListener.log Argument de la ligne de commande : --enable-native-access=ALL-UNNAMED
10-Dec-2025 11:39:10.686 INFOS [main] org.apache.catalina.startup.VersionLoggerListener.log Argument de la ligne de commande : -Dcatalina.base=/home/akl8051/Bureau/Annee_2/Intergiciel/ws-subject/apache-tomcat-11.0.1
10-Dec-2025 11:39:10.686 INFOS [main] org.apache.catalina.startup.VersionLoggerListener.log Argument de la ligne de commande : -Dcatalina.home=/home/akl8051/Bureau/Annee_2/Intergiciel/ws-subject/apache-tomcat-11.0.1
10-Dec-2025 11:39:10.686 INFOS [main] org.apache.catalina.startup.VersionLoggerListener.log Argument de la ligne de commande : -Djava.io.tmpdir=/home/akl8051/Bureau/Annee_2/Intergiciel/ws-subject/apache-tomcat-11.0.1/temp
10-Dec-2025 11:39:10.687 INFOS [main] org.apache.catalina.core.AprLifecycleListener.lifecycleEvent La librairie Apache Tomcat Native basée sur APR qui permet des performances optimales dans les environnements de production n'a pas été trouvée sur le java.library.path : [/usr/java/packages/lib:/usr/lib/x86_64-linux-gnu/jni:/lib/x86_64-linux-gnu:/usr/lib/x86_64-linux-gnu:/usr/lib/jni:/lib:/usr/lib]
10-Dec-2025 11:39:10.823 INFOS [main] org.apache.coyote.AbstractProtocol.init Initialisation du gestionnaire de protocole ["http-nio-8080"]
10-Dec-2025 11:39:10.833 INFOS [main] org.apache.catalina.startup.Catalina.load L'initialisation du serveur a pris [382] millisecondes
10-Dec-2025 11:39:10.874 INFOS [main] org.apache.catalina.core.StandardService.startInternal Démarrage du service [Catalina]
10-Dec-2025 11:39:10.874 INFOS [main] org.apache.catalina.core.StandardEngine.startInternal Démarrage du moteur de Servlets : [Apache Tomcat/11.0.1]
10-Dec-2025 11:39:10.893 INFOS [main] org.apache.catalina.startup.HostConfig.deployDirectory Déploiement du répertoire d'application web [/home/akl8051/Bureau/Annee_2/Intergiciel/ws-subject/apache-tomcat-11.0.1/webapps/ROOT]
10-Dec-2025 11:39:11.158 INFOS [main] org.apache.catalina.startup.HostConfig.deployDirectory Le déploiement du répertoire [/home/akl8051/Bureau/Annee_2/Intergiciel/ws-subject/apache-tomcat-11.0.1/webapps/ROOT] de l'application web s'est terminé en [264] ms
10-Dec-2025 11:39:11.160 INFOS [main] org.apache.catalina.startup.HostConfig.deployDirectory Déploiement du répertoire d'application web [/home/akl8051/Bureau/Annee_2/Intergiciel/ws-subject/apache-tomcat-11.0.1/webapps/manager]
10-Dec-2025 11:39:11.221 INFOS [main] org.apache.catalina.startup.HostConfig.deployDirectory Le déploiement du répertoire [/home/akl8051/Bureau/Annee_2/Intergiciel/ws-subject/apache-tomcat-11.0.1/webapps/manager] de l'application web s'est terminé en [61] ms
10-Dec-2025 11:39:11.222 INFOS [main] org.apache.catalina.startup.HostConfig.deployDirectory Déploiement du répertoire d'application web [/home/akl8051/Bureau/Annee_2/Intergiciel/ws-subject/apache-tomcat-11.0.1/webapps/examples]
10-Dec-2025 11:39:12.327 INFOS [main] org.apache.catalina.startup.HostConfig.deployDirectory Le déploiement du répertoire [/home/akl8051/Bureau/Annee_2/Intergiciel/ws-subject/apache-tomcat-11.0.1/webapps/examples] de l'application web s'est terminé en [1 104] ms
10-Dec-2025 11:39:12.328 INFOS [main] org.apache.catalina.startup.HostConfig.deployDirectory Déploiement du répertoire d'application web [/home/akl8051/Bureau/Annee_2/Intergiciel/ws-subject/apache-tomcat-11.0.1/webapps/docs]
10-Dec-2025 11:39:12.370 INFOS [main] org.apache.catalina.startup.HostConfig.deployDirectory Le déploiement du répertoire [/home/akl8051/Bureau/Annee_2/Intergiciel/ws-subject/apache-tomcat-11.0.1/webapps/docs] de l'application web s'est terminé en [41] ms
10-Dec-2025 11:39:12.371 INFOS [main] org.apache.catalina.startup.HostConfig.deployDirectory Déploiement du répertoire d'application web [/home/akl8051/Bureau/Annee_2/Intergiciel/ws-subject/apache-tomcat-11.0.1/webapps/host-manager]
10-Dec-2025 11:39:12.414 INFOS [main] org.apache.catalina.startup.HostConfig.deployDirectory Le déploiement du répertoire [/home/akl8051/Bureau/Annee_2/Intergiciel/ws-subject/apache-tomcat-11.0.1/webapps/host-manager] de l'application web s'est terminé en [43] ms
10-Dec-2025 11:39:12.416 INFOS [main] org.apache.coyote.AbstractProtocol.start Démarrage du gestionnaire de protocole ["http-nio-8080"]
10-Dec-2025 11:39:12.423 INFOS [main] org.apache.catalina.startup.Catalina.start Le démarrage du serveur a pris [1589] millisecondes
10-Dec-2025 11:39:56.512 INFOS [main] org.apache.catalina.core.StandardServer.await Une commande d'arrêt valide a été reçue sur le port d'arrêt, arrêt de l'instance du serveur
10-Dec-2025 11:39:56.514 INFOS [main] org.apache.coyote.AbstractProtocol.pause Le gestionnaire de protocole ["http-nio-8080"] est mis en pause
10-Dec-2025 11:39:56.518 INFOS [main] org.apache.catalina.core.StandardService.stopInternal Arrêt du service [Catalina]
10-Dec-2025 11:39:56.530 INFOS [main] org.apache.coyote.AbstractProtocol.stop Arrêt du gestionnaire de protocole ["http-nio-8080"]
10-Dec-2025 11:39:56.541 INFOS [main] org.apache.coyote.AbstractProtocol.destroy Destruction du gestionnaire de protocole ["http-nio-8080"]
10-Dec-2025 11:40:20.515 INFOS [main] org.apache.catalina.startup.VersionLoggerListener.log Nom version serveur :              Apache Tomcat/11.0.1
10-Dec-2025 11:40:20.517 INFOS [main] org.apache.catalina.startup.VersionLoggerListener.log Serveur compilé :                  Nov 6 2024 19:08:24 UTC
10-Dec-2025 11:40:20.525 INFOS [main] org.apache.catalina.startup.VersionLoggerListener.log Version du serveur :               11.0.1.0
10-Dec-2025 11:40:20.532 INFOS [main] org.apache.catalina.startup.VersionLoggerListener.log Nom de l'OS :                      Linux
10-Dec-2025 11:40:20.532 INFOS [main] org.apache.catalina.startup.VersionLoggerListener.log Version OS :                       6.14.0-36-generic
10-Dec-2025 11:40:20.532 INFOS [main] org.apache.catalina.startup.VersionLoggerListener.log Architecture :                     amd64
10-Dec-2025 11:40:20.532 INFOS [main] org.apache.catalina.startup.VersionLoggerListener.log Java Home :                        /usr/lib/jvm/java-17-openjdk-amd64
10-Dec-2025 11:40:20.532 INFOS [main] org.apache.catalina.startup.VersionLoggerListener.log Version JVM :                      17.0.17+10-Ubuntu-124.04
10-Dec-2025 11:40:20.532 INFOS [main] org.apache.catalina.startup.VersionLoggerListener.log Fournisseur de la JVM :            Ubuntu
10-Dec-2025 11:40:20.532 INFOS [main] org.apache.catalina.startup.VersionLoggerListener.log CATALINA_BASE :                    /home/akl8051/Bureau/Annee_2/Intergiciel/ws-subject/apache-tomcat-11.0.1
10-Dec-2025 11:40:20.532 INFOS [main] org.apache.catalina.startup.VersionLoggerListener.log CATALINA_HOME :                    /home/akl8051/Bureau/Annee_2/Intergiciel/ws-subject/apache-tomcat-11.0.1
10-Dec-2025 11:40:20.532 INFOS [main] org.apache.catalina.startup.VersionLoggerListener.log Argument de la ligne de commande : -Djava.util.logging.config.file=/home/akl8051/Bureau/Annee_2/Intergiciel/ws-subject/apache-tomcat-11.0.1/conf/logging.properties
10-Dec-2025 11:40:20.532 INFOS [main] org.apache.catalina.startup.VersionLoggerListener.log Argument de la ligne de commande : -Djava.util.logging.manager=org.apache.juli.ClassLoaderLogManager
10-Dec-2025 11:40:20.532 INFOS [main] org.apache.catalina.startup.VersionLoggerListener.log Argument de la ligne de commande : -Djdk.tls.ephemeralDHKeySize=2048
10-Dec-2025 11:40:20.532 INFOS [main] org.apache.catalina.startup.VersionLoggerListener.log Argument de la ligne de commande : -Dorg.apache.catalina.security.SecurityListener.UMASK=0027
10-Dec-2025 11:40:20.532 INFOS [main] org.apache.catalina.startup.VersionLoggerListener.log Argument de la ligne de commande : --add-opens=java.base/java.lang=ALL-UNNAMED
10-Dec-2025 11:40:20.532 INFOS [main] org.apache.catalina.startup.VersionLoggerListener.log Argument de la ligne de commande : --add-opens=java.base/java.io=ALL-UNNAMED
10-Dec-2025 11:40:20.532 INFOS [main] org.apache.catalina.startup.VersionLoggerListener.log Argument de la ligne de commande : --add-opens=java.base/java.util=ALL-UNNAMED
10-Dec-2025 11:40:20.532 INFOS [main] org.apache.catalina.startup.VersionLoggerListener.log Argument de la ligne de commande : --add-opens=java.base/java.util.concurrent=ALL-UNNAMED
10-Dec-2025 11:40:20.532 INFOS [main] org.apache.catalina.startup.VersionLoggerListener.log Argument de la ligne de commande : --add-opens=java.rmi/sun.rmi.transport=ALL-UNNAMED
10-Dec-2025 11:40:20.533 INFOS [main] org.apache.catalina.startup.VersionLoggerListener.log Argument de la ligne de commande : --enable-native-access=ALL-UNNAMED
10-Dec-2025 11:40:20.533 INFOS [main] org.apache.catalina.startup.VersionLoggerListener.log Argument de la ligne de commande : -Dcatalina.base=/home/akl8051/Bureau/Annee_2/Intergiciel/ws-subject/apache-tomcat-11.0.1
10-Dec-2025 11:40:20.533 INFOS [main] org.apache.catalina.startup.VersionLoggerListener.log Argument de la ligne de commande : -Dcatalina.home=/home/akl8051/Bureau/Annee_2/Intergiciel/ws-subject/apache-tomcat-11.0.1
10-Dec-2025 11:40:20.533 INFOS [main] org.apache.catalina.startup.VersionLoggerListener.log Argument de la ligne de commande : -Djava.io.tmpdir=/home/akl8051/Bureau/Annee_2/Intergiciel/ws-subject/apache-tomcat-11.0.1/temp
10-Dec-2025 11:40:20.533 INFOS [main] org.apache.catalina.core.AprLifecycleListener.lifecycleEvent La librairie Apache Tomcat Native basée sur APR qui permet des performances optimales dans les environnements de production n'a pas été trouvée sur le java.library.path : [/usr/java/packages/lib:/usr/lib/x86_64-linux-gnu/jni:/lib/x86_64-linux-gnu:/usr/lib/x86_64-linux-gnu:/usr/lib/jni:/lib:/usr/lib]
10-Dec-2025 11:40:20.623 INFOS [main] org.apache.coyote.AbstractProtocol.init Initialisation du gestionnaire de protocole ["http-nio-8080"]
10-Dec-2025 11:40:20.629 GRAVE [main] org.apache.catalina.util.LifecycleBase.handleSubClassException Echec d'initialisation du composant [Connector["http-nio-8080"]]
	org.apache.catalina.LifecycleException: L'initialisation du gestionnaire de protocole a échoué
		at org.apache.catalina.connector.Connector.initInternal(Connector.java:1035)
		at org.apache.catalina.util.LifecycleBase.init(LifecycleBase.java:122)
		at org.apache.catalina.core.StandardService.initInternal(StandardService.java:525)
		at org.apache.catalina.util.LifecycleBase.init(LifecycleBase.java:122)
		at org.apache.catalina.core.StandardServer.initInternal(StandardServer.java:953)
		at org.apache.catalina.util.LifecycleBase.init(LifecycleBase.java:122)
		at org.apache.catalina.startup.Catalina.load(Catalina.java:706)
		at org.apache.catalina.startup.Catalina.load(Catalina.java:729)
		at java.base/jdk.internal.reflect.NativeMethodAccessorImpl.invoke0(Native Method)
		at java.base/jdk.internal.reflect.NativeMethodAccessorImpl.invoke(NativeMethodAccessorImpl.java:77)
		at java.base/jdk.internal.reflect.DelegatingMethodAccessorImpl.invoke(DelegatingMethodAccessorImpl.java:43)
		at java.base/java.lang.reflect.Method.invoke(Method.java:569)
		at org.apache.catalina.startup.Bootstrap.load(Bootstrap.java:299)
		at org.apache.catalina.startup.Bootstrap.main(Bootstrap.java:469)
	Caused by: java.net.BindException: Adresse déjà utilisée
		at java.base/sun.nio.ch.Net.bind0(Native Method)
		at java.base/sun.nio.ch.Net.bind(Net.java:555)
		at java.base/sun.nio.ch.ServerSocketChannelImpl.netBind(ServerSocketChannelImpl.java:337)
		at java.base/sun.nio.ch.ServerSocketChannelImpl.bind(ServerSocketChannelImpl.java:294)
		at org.apache.tomcat.util.net.NioEndpoint.initServerSocket(NioEndpoint.java:240)
		at org.apache.tomcat.util.net.NioEndpoint.bind(NioEndpoint.java:195)
		at org.apache.tomcat.util.net.AbstractEndpoint.bindWithCleanup(AbstractEndpoint.java:1472)
		at org.apache.tomcat.util.net.AbstractEndpoint.init(AbstractEndpoint.java:1485)
		at org.apache.coyote.AbstractProtocol.init(AbstractProtocol.java:633)
		at org.apache.coyote.http11.AbstractHttp11Protocol.init(AbstractHttp11Protocol.java:83)
		at org.apache.catalina.connector.Connector.initInternal(Connector.java:1033)
		... 13 more
10-Dec-2025 11:40:20.633 INFOS [main] org.apache.catalina.startup.Catalina.load L'initialisation du serveur a pris [200] millisecondes
10-Dec-2025 11:40:20.661 INFOS [main] org.apache.catalina.core.StandardService.startInternal Démarrage du service [Catalina]
10-Dec-2025 11:40:20.661 INFOS [main] org.apache.catalina.core.StandardEngine.startInternal Démarrage du moteur de Servlets : [Apache Tomcat/11.0.1]
10-Dec-2025 11:40:20.676 INFOS [main] org.apache.catalina.startup.HostConfig.deployDirectory Déploiement du répertoire d'application web [/home/akl8051/Bureau/Annee_2/Intergiciel/ws-subject/apache-tomcat-11.0.1/webapps/ROOT]
10-Dec-2025 11:40:20.826 INFOS [main] org.apache.catalina.startup.HostConfig.deployDirectory Le déploiement du répertoire [/home/akl8051/Bureau/Annee_2/Intergiciel/ws-subject/apache-tomcat-11.0.1/webapps/ROOT] de l'application web s'est terminé en [149] ms
10-Dec-2025 11:40:20.828 INFOS [main] org.apache.catalina.startup.HostConfig.deployDirectory Déploiement du répertoire d'application web [/home/akl8051/Bureau/Annee_2/Intergiciel/ws-subject/apache-tomcat-11.0.1/webapps/manager]
10-Dec-2025 11:40:20.956 INFOS [main] org.apache.catalina.startup.HostConfig.deployDirectory Le déploiement du répertoire [/home/akl8051/Bureau/Annee_2/Intergiciel/ws-subject/apache-tomcat-11.0.1/webapps/manager] de l'application web s'est terminé en [127] ms
10-Dec-2025 11:40:20.963 INFOS [main] org.apache.catalina.startup.HostConfig.deployDirectory Déploiement du répertoire d'application web [/home/akl8051/Bureau/Annee_2/Intergiciel/ws-subject/apache-tomcat-11.0.1/webapps/examples]
10-Dec-2025 11:40:22.285 INFOS [main] org.apache.catalina.startup.HostConfig.deployDirectory Le déploiement du répertoire [/home/akl8051/Bureau/Annee_2/Intergiciel/ws-subject/apache-tomcat-11.0.1/webapps/examples] de l'application web s'est terminé en [1 322] ms
10-Dec-2025 11:40:22.287 INFOS [main] org.apache.catalina.startup.HostConfig.deployDirectory Déploiement du répertoire d'application web [/home/akl8051/Bureau/Annee_2/Intergiciel/ws-subject/apache-tomcat-11.0.1/webapps/docs]
10-Dec-2025 11:40:22.330 INFOS [main] org.apache.catalina.startup.HostConfig.deployDirectory Le déploiement du répertoire [/home/akl8051/Bureau/Annee_2/Intergiciel/ws-subject/apache-tomcat-11.0.1/webapps/docs] de l'application web s'est terminé en [43] ms
10-Dec-2025 11:40:22.331 INFOS [main] org.apache.catalina.startup.HostConfig.deployDirectory Déploiement du répertoire d'application web [/home/akl8051/Bureau/Annee_2/Intergiciel/ws-subject/apache-tomcat-11.0.1/webapps/host-manager]
10-Dec-2025 11:40:22.395 INFOS [main] org.apache.catalina.startup.HostConfig.deployDirectory Le déploiement du répertoire [/home/akl8051/Bureau/Annee_2/Intergiciel/ws-subject/apache-tomcat-11.0.1/webapps/host-manager] de l'application web s'est terminé en [64] ms
10-Dec-2025 11:40:22.397 INFOS [main] org.apache.catalina.startup.Catalina.start Le démarrage du serveur a pris [1763] millisecondes
10-Dec-2025 11:50:10.720 INFOS [main] org.apache.catalina.core.StandardServer.await Une commande d'arrêt valide a été reçue sur le port d'arrêt, arrêt de l'instance du serveur
10-Dec-2025 11:50:10.722 INFOS [main] org.apache.coyote.AbstractProtocol.pause Le gestionnaire de protocole ["http-nio-8080"] est mis en pause
10-Dec-2025 11:50:10.722 INFOS [main] org.apache.catalina.core.StandardService.stopInternal Arrêt du service [Catalina]
10-Dec-2025 11:50:10.730 INFOS [main] org.apache.coyote.AbstractProtocol.stop Arrêt du gestionnaire de protocole ["http-nio-8080"]
10-Dec-2025 11:50:10.731 INFOS [main] org.apache.coyote.AbstractProtocol.destroy Destruction du gestionnaire de protocole ["http-nio-8080"]
10-Dec-2025 11:52:46.567 INFOS [main] org.apache.catalina.startup.VersionLoggerListener.log Nom version serveur :              Apache Tomcat/11.0.1
10-Dec-2025 11:52:46.569 INFOS [main] org.apache.catalina.startup.VersionLoggerListener.log Serveur compilé :                  Nov 6 2024 19:08:24 UTC
10-Dec-2025 11:52:46.571 INFOS [main] org.apache.catalina.startup.VersionLoggerListener.log Version du serveur :               11.0.1.0
10-Dec-2025 11:52:46.573 INFOS [main] org.apache.catalina.startup.VersionLoggerListener.log Nom de l'OS :                      Linux
10-Dec-2025 11:52:46.575 INFOS [main] org.apache.catalina.startup.VersionLoggerListener.log Version OS :                       6.14.0-36-generic
10-Dec-2025 11:52:46.577 INFOS [main] org.apache.catalina.startup.VersionLoggerListener.log Architecture :                     amd64
10-Dec-2025 11:52:46.577 INFOS [main] org.apache.catalina.startup.VersionLoggerListener.log Java Home :                        /usr/lib/jvm/java-17-openjdk-amd64
10-Dec-2025 11:52:46.577 INFOS [main] org.apache.catalina.startup.VersionLoggerListener.log Version JVM :                      17.0.17+10-Ubuntu-124.04
10-Dec-2025 11:52:46.577 INFOS [main] org.apache.catalina.startup.VersionLoggerListener.log Fournisseur de la JVM :            Ubuntu
10-Dec-2025 11:52:46.577 INFOS [main] org.apache.catalina.startup.VersionLoggerListener.log CATALINA_BASE :                    /home/akl8051/Bureau/Annee_2/Intergiciel/ws-subject/apache-tomcat-11.0.1
10-Dec-2025 11:52:46.577 INFOS [main] org.apache.catalina.startup.VersionLoggerListener.log CATALINA_HOME :                    /home/akl8051/Bureau/Annee_2/Intergiciel/ws-subject/apache-tomcat-11.0.1
10-Dec-2025 11:52:46.578 INFOS [main] org.apache.catalina.startup.VersionLoggerListener.log Argument de la ligne de commande : -Djava.util.logging.config.file=/home/akl8051/Bureau/Annee_2/Intergiciel/ws-subject/apache-tomcat-11.0.1/conf/logging.properties
10-Dec-2025 11:52:46.578 INFOS [main] org.apache.catalina.startup.VersionLoggerListener.log Argument de la ligne de commande : -Djava.util.logging.manager=org.apache.juli.ClassLoaderLogManager
10-Dec-2025 11:52:46.578 INFOS [main] org.apache.catalina.startup.VersionLoggerListener.log Argument de la ligne de commande : -Djdk.tls.ephemeralDHKeySize=2048
10-Dec-2025 11:52:46.578 INFOS [main] org.apache.catalina.startup.VersionLoggerListener.log Argument de la ligne de commande : -Dorg.apache.catalina.security.SecurityListener.UMASK=0027
10-Dec-2025 11:52:46.578 INFOS [main] org.apache.catalina.startup.VersionLoggerListener.log Argument de la ligne de commande : --add-opens=java.base/java.lang=ALL-UNNAMED
10-Dec-2025 11:52:46.578 INFOS [main] org.apache.catalina.startup.VersionLoggerListener.log Argument de la ligne de commande : --add-opens=java.base/java.io=ALL-UNNAMED
10-Dec-2025 11:52:46.578 INFOS [main] org.apache.catalina.startup.VersionLoggerListener.log Argument de la ligne de commande : --add-opens=java.base/java.util=ALL-UNNAMED
10-Dec-2025 11:52:46.578 INFOS [main] org.apache.catalina.startup.VersionLoggerListener.log Argument de la ligne de commande : --add-opens=java.base/java.util.concurrent=ALL-UNNAMED
10-Dec-2025 11:52:46.578 INFOS [main] org.apache.catalina.startup.VersionLoggerListener.log Argument de la ligne de commande : --add-opens=java.rmi/sun.rmi.transport=ALL-UNNAMED
10-Dec-2025 11:52:46.578 INFOS [main] org.apache.catalina.startup.VersionLoggerListener.log Argument de la ligne de commande : --enable-native-access=ALL-UNNAMED
10-Dec-2025 11:52:46.578 INFOS [main] org.apache.catalina.startup.VersionLoggerListener.log Argument de la ligne de commande : -Dcatalina.base=/home/akl8051/Bureau/Annee_2/Intergiciel/ws-subject/apache-tomcat-11.0.1
10-Dec-2025 11:52:46.578 INFOS [main] org.apache.catalina.startup.VersionLoggerListener.log Argument de la ligne de commande : -Dcatalina.home=/home/akl8051/Bureau/Annee_2/Intergiciel/ws-subject/apache-tomcat-11.0.1
10-Dec-2025 11:52:46.578 INFOS [main] org.apache.catalina.startup.VersionLoggerListener.log Argument de la ligne de commande : -Djava.io.tmpdir=/home/akl8051/Bureau/Annee_2/Intergiciel/ws-subject/apache-tomcat-11.0.1/temp
10-Dec-2025 11:52:46.580 INFOS [main] org.apache.catalina.core.AprLifecycleListener.lifecycleEvent La librairie Apache Tomcat Native basée sur APR qui permet des performances optimales dans les environnements de production n'a pas été trouvée sur le java.library.path : [/usr/java/packages/lib:/usr/lib/x86_64-linux-gnu/jni:/lib/x86_64-linux-gnu:/usr/lib/x86_64-linux-gnu:/usr/lib/jni:/lib:/usr/lib]
10-Dec-2025 11:52:46.687 INFOS [main] org.apache.coyote.AbstractProtocol.init Initialisation du gestionnaire de protocole ["http-nio-8080"]
10-Dec-2025 11:52:46.697 INFOS [main] org.apache.catalina.startup.Catalina.load L'initialisation du serveur a pris [233] millisecondes
10-Dec-2025 11:52:46.730 INFOS [main] org.apache.catalina.core.StandardService.startInternal Démarrage du service [Catalina]
10-Dec-2025 11:52:46.730 INFOS [main] org.apache.catalina.core.StandardEngine.startInternal Démarrage du moteur de Servlets : [Apache Tomcat/11.0.1]
10-Dec-2025 11:52:46.743 INFOS [main] org.apache.catalina.startup.HostConfig.deployDirectory Déploiement du répertoire d'application web [/home/akl8051/Bureau/Annee_2/Intergiciel/ws-subject/apache-tomcat-11.0.1/webapps/ROOT]
10-Dec-2025 11:52:46.958 INFOS [main] org.apache.catalina.startup.HostConfig.deployDirectory Le déploiement du répertoire [/home/akl8051/Bureau/Annee_2/Intergiciel/ws-subject/apache-tomcat-11.0.1/webapps/ROOT] de l'application web s'est terminé en [215] ms
10-Dec-2025 11:52:46.960 INFOS [main] org.apache.catalina.startup.HostConfig.deployDirectory Déploiement du répertoire d'application web [/home/akl8051/Bureau/Annee_2/Intergiciel/ws-subject/apache-tomcat-11.0.1/webapps/manager]
10-Dec-2025 11:52:47.041 INFOS [main] org.apache.catalina.startup.HostConfig.deployDirectory Le déploiement du répertoire [/home/akl8051/Bureau/Annee_2/Intergiciel/ws-subject/apache-tomcat-11.0.1/webapps/manager] de l'application web s'est terminé en [81] ms
10-Dec-2025 11:52:47.042 INFOS [main] org.apache.catalina.startup.HostConfig.deployDirectory Déploiement du répertoire d'application web [/home/akl8051/Bureau/Annee_2/Intergiciel/ws-subject/apache-tomcat-11.0.1/webapps/examples]
10-Dec-2025 11:52:47.862 INFOS [main] org.apache.catalina.startup.HostConfig.deployDirectory Le déploiement du répertoire [/home/akl8051/Bureau/Annee_2/Intergiciel/ws-subject/apache-tomcat-11.0.1/webapps/examples] de l'application web s'est terminé en [820] ms
10-Dec-2025 11:52:47.864 INFOS [main] org.apache.catalina.startup.HostConfig.deployDirectory Déploiement du répertoire d'application web [/home/akl8051/Bureau/Annee_2/Intergiciel/ws-subject/apache-tomcat-11.0.1/webapps/docs]
10-Dec-2025 11:52:47.900 INFOS [main] org.apache.catalina.startup.HostConfig.deployDirectory Le déploiement du répertoire [/home/akl8051/Bureau/Annee_2/Intergiciel/ws-subject/apache-tomcat-11.0.1/webapps/docs] de l'application web s'est terminé en [36] ms
10-Dec-2025 11:52:47.901 INFOS [main] org.apache.catalina.startup.HostConfig.deployDirectory Déploiement du répertoire d'application web [/home/akl8051/Bureau/Annee_2/Intergiciel/ws-subject/apache-tomcat-11.0.1/webapps/host-manager]
10-Dec-2025 11:52:47.938 INFOS [main] org.apache.catalina.startup.HostConfig.deployDirectory Le déploiement du répertoire [/home/akl8051/Bureau/Annee_2/Intergiciel/ws-subject/apache-tomcat-11.0.1/webapps/host-manager] de l'application web s'est terminé en [37] ms
10-Dec-2025 11:52:47.940 INFOS [main] org.apache.coyote.AbstractProtocol.start Démarrage du gestionnaire de protocole ["http-nio-8080"]
10-Dec-2025 11:52:47.951 INFOS [main] org.apache.catalina.startup.Catalina.start Le démarrage du serveur a pris [1253] millisecondes
